[12-Mar-2024 11:23:51 UTC] PHP Warning:  file_put_contents(C:\Users\Lenovo\Local Sites\my-movies\app\public/wp-content/themes/starter/acf-json/post_type_65f0386e9ddff.json): Failed to open stream: No such file or directory in C:\Users\Lenovo\Local Sites\my-movies\app\public\wp-content\plugins\advanced-custom-fields\includes\local-json.php on line 448
[12-Mar-2024 11:33:52 UTC] PHP Warning:  file_put_contents(C:\Users\Lenovo\Local Sites\my-movies\app\public/wp-content/themes/starter/acf-json/taxonomy_65f03c0ded20b.json): Failed to open stream: No such file or directory in C:\Users\Lenovo\Local Sites\my-movies\app\public\wp-content\plugins\advanced-custom-fields\includes\local-json.php on line 448
[12-Mar-2024 11:50:34 UTC] PHP Warning:  file_put_contents(C:\Users\Lenovo\Local Sites\my-movies\app\public/wp-content/themes/starter/acf-json/group_65f03e1f461c8.json): Failed to open stream: No such file or directory in C:\Users\Lenovo\Local Sites\my-movies\app\public\wp-content\plugins\advanced-custom-fields\includes\local-json.php on line 448
[12-Mar-2024 12:04:45 UTC] PHP Warning:  file_put_contents(C:\Users\Lenovo\Local Sites\my-movies\app\public/wp-content/themes/starter/acf-json/taxonomy_65f042dc55e07.json): Failed to open stream: No such file or directory in C:\Users\Lenovo\Local Sites\my-movies\app\public\wp-content\plugins\advanced-custom-fields\includes\local-json.php on line 448
[12-Mar-2024 12:07:57 UTC] PHP Warning:  file_put_contents(C:\Users\Lenovo\Local Sites\my-movies\app\public/wp-content/themes/starter/acf-json/taxonomy_65f0451122bd9.json): Failed to open stream: No such file or directory in C:\Users\Lenovo\Local Sites\my-movies\app\public\wp-content\plugins\advanced-custom-fields\includes\local-json.php on line 448
[12-Mar-2024 12:16:49 UTC] PHP Warning:  file_put_contents(C:\Users\Lenovo\Local Sites\my-movies\app\public/wp-content/themes/starter/acf-json/group_65f045be9fcdb.json): Failed to open stream: No such file or directory in C:\Users\Lenovo\Local Sites\my-movies\app\public\wp-content\plugins\advanced-custom-fields\includes\local-json.php on line 448
[12-Mar-2024 12:20:17 UTC] PHP Warning:  file_put_contents(C:\Users\Lenovo\Local Sites\my-movies\app\public/wp-content/themes/starter/acf-json/group_65f047c9369e5.json): Failed to open stream: No such file or directory in C:\Users\Lenovo\Local Sites\my-movies\app\public\wp-content\plugins\advanced-custom-fields\includes\local-json.php on line 448
[12-Mar-2024 12:21:57 UTC] PHP Warning:  file_put_contents(C:\Users\Lenovo\Local Sites\my-movies\app\public/wp-content/themes/starter/acf-json/group_65f047c9369e5.json): Failed to open stream: No such file or directory in C:\Users\Lenovo\Local Sites\my-movies\app\public\wp-content\plugins\advanced-custom-fields\includes\local-json.php on line 448
[12-Mar-2024 12:22:16 UTC] PHP Warning:  file_put_contents(C:\Users\Lenovo\Local Sites\my-movies\app\public/wp-content/themes/starter/acf-json/group_65f047c9369e5.json): Failed to open stream: No such file or directory in C:\Users\Lenovo\Local Sites\my-movies\app\public\wp-content\plugins\advanced-custom-fields\includes\local-json.php on line 448
[12-Mar-2024 12:25:37 UTC] PHP Warning:  file_put_contents(C:\Users\Lenovo\Local Sites\my-movies\app\public/wp-content/themes/starter/acf-json/group_65f04953731b8.json): Failed to open stream: No such file or directory in C:\Users\Lenovo\Local Sites\my-movies\app\public\wp-content\plugins\advanced-custom-fields\includes\local-json.php on line 448
[12-Mar-2024 12:26:09 UTC] PHP Warning:  file_put_contents(C:\Users\Lenovo\Local Sites\my-movies\app\public/wp-content/themes/starter/acf-json/group_65f04953731b8.json): Failed to open stream: No such file or directory in C:\Users\Lenovo\Local Sites\my-movies\app\public\wp-content\plugins\advanced-custom-fields\includes\local-json.php on line 448
[12-Mar-2024 12:32:20 UTC] PHP Warning:  file_put_contents(C:\Users\Lenovo\Local Sites\my-movies\app\public/wp-content/themes/starter/acf-json/taxonomy_65f04b2cc8d51.json): Failed to open stream: No such file or directory in C:\Users\Lenovo\Local Sites\my-movies\app\public\wp-content\plugins\advanced-custom-fields\includes\local-json.php on line 448
[12-Mar-2024 12:34:53 UTC] PHP Warning:  file_put_contents(C:\Users\Lenovo\Local Sites\my-movies\app\public/wp-content/themes/starter/acf-json/group_65f04b599fb04.json): Failed to open stream: No such file or directory in C:\Users\Lenovo\Local Sites\my-movies\app\public\wp-content\plugins\advanced-custom-fields\includes\local-json.php on line 448
[12-Mar-2024 12:35:30 UTC] PHP Warning:  file_put_contents(C:\Users\Lenovo\Local Sites\my-movies\app\public/wp-content/themes/starter/acf-json/group_65f04b599fb04.json): Failed to open stream: No such file or directory in C:\Users\Lenovo\Local Sites\my-movies\app\public\wp-content\plugins\advanced-custom-fields\includes\local-json.php on line 448
[12-Mar-2024 12:36:26 UTC] PHP Warning:  file_put_contents(C:\Users\Lenovo\Local Sites\my-movies\app\public/wp-content/themes/starter/acf-json/group_65f04b599fb04.json): Failed to open stream: No such file or directory in C:\Users\Lenovo\Local Sites\my-movies\app\public\wp-content\plugins\advanced-custom-fields\includes\local-json.php on line 448
[12-Mar-2024 13:15:13 UTC] PHP Warning:  file_put_contents(C:\Users\Lenovo\Local Sites\my-movies\app\public/wp-content/themes/starter/acf-json/taxonomy_65f055419d8ff.json): Failed to open stream: No such file or directory in C:\Users\Lenovo\Local Sites\my-movies\app\public\wp-content\plugins\advanced-custom-fields\includes\local-json.php on line 448
[12-Mar-2024 13:17:39 UTC] PHP Warning:  file_put_contents(C:\Users\Lenovo\Local Sites\my-movies\app\public/wp-content/themes/starter/acf-json/group_65f055729d873.json): Failed to open stream: No such file or directory in C:\Users\Lenovo\Local Sites\my-movies\app\public\wp-content\plugins\advanced-custom-fields\includes\local-json.php on line 448
[12-Mar-2024 13:24:44 UTC] PHP Warning:  file_put_contents(C:\Users\Lenovo\Local Sites\my-movies\app\public/wp-content/themes/starter/acf-json/taxonomy_65f03c0ded20b.json): Failed to open stream: No such file or directory in C:\Users\Lenovo\Local Sites\my-movies\app\public\wp-content\plugins\advanced-custom-fields\includes\local-json.php on line 448
[12-Mar-2024 13:25:52 UTC] PHP Warning:  Undefined variable $movie_genre in C:\Users\Lenovo\Local Sites\my-movies\app\public\wp-content\themes\starter\single-movie.php on line 15
[12-Mar-2024 13:27:13 UTC] PHP Warning:  file_put_contents(C:\Users\Lenovo\Local Sites\my-movies\app\public/wp-content/themes/starter/acf-json/group_65f045be9fcdb.json): Failed to open stream: No such file or directory in C:\Users\Lenovo\Local Sites\my-movies\app\public\wp-content\plugins\advanced-custom-fields\includes\local-json.php on line 448
[12-Mar-2024 13:27:17 UTC] PHP Warning:  Undefined variable $movie_genre in C:\Users\Lenovo\Local Sites\my-movies\app\public\wp-content\themes\starter\single-movie.php on line 15
[12-Mar-2024 13:27:18 UTC] PHP Warning:  Undefined variable $movie_genre in C:\Users\Lenovo\Local Sites\my-movies\app\public\wp-content\themes\starter\single-movie.php on line 15
[12-Mar-2024 13:30:08 UTC] PHP Warning:  file_put_contents(C:\Users\Lenovo\Local Sites\my-movies\app\public/wp-content/themes/starter/acf-json/group_65f045be9fcdb.json): Failed to open stream: No such file or directory in C:\Users\Lenovo\Local Sites\my-movies\app\public\wp-content\plugins\advanced-custom-fields\includes\local-json.php on line 448
[12-Mar-2024 13:31:49 UTC] PHP Warning:  file_put_contents(C:\Users\Lenovo\Local Sites\my-movies\app\public/wp-content/themes/starter/acf-json/group_65f045be9fcdb.json): Failed to open stream: No such file or directory in C:\Users\Lenovo\Local Sites\my-movies\app\public\wp-content\plugins\advanced-custom-fields\includes\local-json.php on line 448
[12-Mar-2024 13:34:37 UTC] PHP Warning:  file_put_contents(C:\Users\Lenovo\Local Sites\my-movies\app\public/wp-content/themes/starter/acf-json/group_65f045be9fcdb.json): Failed to open stream: No such file or directory in C:\Users\Lenovo\Local Sites\my-movies\app\public\wp-content\plugins\advanced-custom-fields\includes\local-json.php on line 448
[12-Mar-2024 13:37:29 UTC] PHP Fatal error:  Uncaught Error: Undefined constant "genres" in C:\Users\Lenovo\Local Sites\my-movies\app\public\wp-content\themes\starter\single-movie.php:15
Stack trace:
#0 C:\Users\Lenovo\Local Sites\my-movies\app\public\wp-includes\template-loader.php(106): include()
#1 C:\Users\Lenovo\Local Sites\my-movies\app\public\wp-blog-header.php(19): require_once('C:\\Users\\Lenovo...')
#2 C:\Users\Lenovo\Local Sites\my-movies\app\public\index.php(17): require('C:\\Users\\Lenovo...')
#3 {main}
  thrown in C:\Users\Lenovo\Local Sites\my-movies\app\public\wp-content\themes\starter\single-movie.php on line 15
[12-Mar-2024 13:44:08 UTC] PHP Warning:  Undefined variable $movie_genrge in C:\Users\Lenovo\Local Sites\my-movies\app\public\wp-content\themes\starter\single-movie.php on line 15
[12-Mar-2024 13:44:08 UTC] PHP Warning:  Undefined variable $ in C:\Users\Lenovo\Local Sites\my-movies\app\public\wp-content\themes\starter\single-movie.php on line 15
[12-Mar-2024 13:44:08 UTC] PHP Warning:  Trying to access array offset on value of type null in C:\Users\Lenovo\Local Sites\my-movies\app\public\wp-content\themes\starter\single-movie.php on line 15
[12-Mar-2024 13:52:49 UTC] PHP Warning:  file_put_contents(C:\Users\Lenovo\Local Sites\my-movies\app\public/wp-content/themes/starter/acf-json/taxonomy_65f05e0420aa2.json): Failed to open stream: No such file or directory in C:\Users\Lenovo\Local Sites\my-movies\app\public\wp-content\plugins\advanced-custom-fields\includes\local-json.php on line 448
[12-Mar-2024 13:54:14 UTC] PHP Warning:  file_put_contents(C:\Users\Lenovo\Local Sites\my-movies\app\public/wp-content/themes/starter/acf-json/group_65f05e3a2b722.json): Failed to open stream: No such file or directory in C:\Users\Lenovo\Local Sites\my-movies\app\public\wp-content\plugins\advanced-custom-fields\includes\local-json.php on line 448
[12-Mar-2024 13:58:25 UTC] PHP Warning:  file_put_contents(C:\Users\Lenovo\Local Sites\my-movies\app\public/wp-content/themes/starter/acf-json/group_65f05e3a2b722.json): Failed to open stream: No such file or directory in C:\Users\Lenovo\Local Sites\my-movies\app\public\wp-content\plugins\advanced-custom-fields\includes\local-json.php on line 448
[12-Mar-2024 14:09:42 UTC] PHP Warning:  Array to string conversion in C:\Users\Lenovo\Local Sites\my-movies\app\public\wp-content\themes\starter\single-movie.php on line 17
[12-Mar-2024 14:10:36 UTC] PHP Warning:  Array to string conversion in C:\Users\Lenovo\Local Sites\my-movies\app\public\wp-content\themes\starter\single-movie.php on line 17
[12-Mar-2024 14:34:46 UTC] PHP Warning:  Undefined variable $genre in C:\Users\Lenovo\Local Sites\my-movies\app\public\wp-content\themes\starter\single-movie.php on line 12
[12-Mar-2024 14:36:26 UTC] PHP Fatal error:  Uncaught Error: Cannot use object of type WP_Error as array in C:\Users\Lenovo\Local Sites\my-movies\app\public\wp-content\themes\starter\single-movie.php:20
Stack trace:
#0 C:\Users\Lenovo\Local Sites\my-movies\app\public\wp-includes\template-loader.php(106): include()
#1 C:\Users\Lenovo\Local Sites\my-movies\app\public\wp-blog-header.php(19): require_once('C:\\Users\\Lenovo...')
#2 C:\Users\Lenovo\Local Sites\my-movies\app\public\index.php(17): require('C:\\Users\\Lenovo...')
#3 {main}
  thrown in C:\Users\Lenovo\Local Sites\my-movies\app\public\wp-content\themes\starter\single-movie.php on line 20
[12-Mar-2024 14:37:43 UTC] PHP Fatal error:  Uncaught Error: Cannot use object of type WP_Error as array in C:\Users\Lenovo\Local Sites\my-movies\app\public\wp-content\themes\starter\single-movie.php:20
Stack trace:
#0 C:\Users\Lenovo\Local Sites\my-movies\app\public\wp-includes\template-loader.php(106): include()
#1 C:\Users\Lenovo\Local Sites\my-movies\app\public\wp-blog-header.php(19): require_once('C:\\Users\\Lenovo...')
#2 C:\Users\Lenovo\Local Sites\my-movies\app\public\index.php(17): require('C:\\Users\\Lenovo...')
#3 {main}
  thrown in C:\Users\Lenovo\Local Sites\my-movies\app\public\wp-content\themes\starter\single-movie.php on line 20
[12-Mar-2024 14:39:27 UTC] PHP Warning:  Undefined variable $genre in C:\Users\Lenovo\Local Sites\my-movies\app\public\wp-content\themes\starter\single-movie.php on line 12
[12-Mar-2024 14:39:27 UTC] PHP Fatal error:  Uncaught Error: Cannot use object of type WP_Error as array in C:\Users\Lenovo\Local Sites\my-movies\app\public\wp-content\themes\starter\single-movie.php:20
Stack trace:
#0 C:\Users\Lenovo\Local Sites\my-movies\app\public\wp-includes\template-loader.php(106): include()
#1 C:\Users\Lenovo\Local Sites\my-movies\app\public\wp-blog-header.php(19): require_once('C:\\Users\\Lenovo...')
#2 C:\Users\Lenovo\Local Sites\my-movies\app\public\index.php(17): require('C:\\Users\\Lenovo...')
#3 {main}
  thrown in C:\Users\Lenovo\Local Sites\my-movies\app\public\wp-content\themes\starter\single-movie.php on line 20
[12-Mar-2024 14:39:51 UTC] PHP Fatal error:  Uncaught Error: Cannot use object of type WP_Error as array in C:\Users\Lenovo\Local Sites\my-movies\app\public\wp-content\themes\starter\single-movie.php:20
Stack trace:
#0 C:\Users\Lenovo\Local Sites\my-movies\app\public\wp-includes\template-loader.php(106): include()
#1 C:\Users\Lenovo\Local Sites\my-movies\app\public\wp-blog-header.php(19): require_once('C:\\Users\\Lenovo...')
#2 C:\Users\Lenovo\Local Sites\my-movies\app\public\index.php(17): require('C:\\Users\\Lenovo...')
#3 {main}
  thrown in C:\Users\Lenovo\Local Sites\my-movies\app\public\wp-content\themes\starter\single-movie.php on line 20
[12-Mar-2024 14:41:34 UTC] PHP Fatal error:  Uncaught Error: Cannot use object of type WP_Error as array in C:\Users\Lenovo\Local Sites\my-movies\app\public\wp-content\themes\starter\single-movie.php:20
Stack trace:
#0 C:\Users\Lenovo\Local Sites\my-movies\app\public\wp-includes\template-loader.php(106): include()
#1 C:\Users\Lenovo\Local Sites\my-movies\app\public\wp-blog-header.php(19): require_once('C:\\Users\\Lenovo...')
#2 C:\Users\Lenovo\Local Sites\my-movies\app\public\index.php(17): require('C:\\Users\\Lenovo...')
#3 {main}
  thrown in C:\Users\Lenovo\Local Sites\my-movies\app\public\wp-content\themes\starter\single-movie.php on line 20
[12-Mar-2024 14:42:44 UTC] PHP Fatal error:  Uncaught Error: Object of class WP_Error could not be converted to string in C:\Users\Lenovo\Local Sites\my-movies\app\public\wp-content\themes\starter\single-movie.php:20
Stack trace:
#0 C:\Users\Lenovo\Local Sites\my-movies\app\public\wp-includes\template-loader.php(106): include()
#1 C:\Users\Lenovo\Local Sites\my-movies\app\public\wp-blog-header.php(19): require_once('C:\\Users\\Lenovo...')
#2 C:\Users\Lenovo\Local Sites\my-movies\app\public\index.php(17): require('C:\\Users\\Lenovo...')
#3 {main}
  thrown in C:\Users\Lenovo\Local Sites\my-movies\app\public\wp-content\themes\starter\single-movie.php on line 20
[12-Mar-2024 14:45:04 UTC] PHP Fatal error:  Uncaught Error: Object of class WP_Error could not be converted to string in C:\Users\Lenovo\Local Sites\my-movies\app\public\wp-content\themes\starter\single-movie.php:20
Stack trace:
#0 C:\Users\Lenovo\Local Sites\my-movies\app\public\wp-includes\template-loader.php(106): include()
#1 C:\Users\Lenovo\Local Sites\my-movies\app\public\wp-blog-header.php(19): require_once('C:\\Users\\Lenovo...')
#2 C:\Users\Lenovo\Local Sites\my-movies\app\public\index.php(17): require('C:\\Users\\Lenovo...')
#3 {main}
  thrown in C:\Users\Lenovo\Local Sites\my-movies\app\public\wp-content\themes\starter\single-movie.php on line 20
[12-Mar-2024 14:45:48 UTC] PHP Fatal error:  Uncaught Error: Cannot use object of type WP_Error as array in C:\Users\Lenovo\Local Sites\my-movies\app\public\wp-content\themes\starter\single-movie.php:20
Stack trace:
#0 C:\Users\Lenovo\Local Sites\my-movies\app\public\wp-includes\template-loader.php(106): include()
#1 C:\Users\Lenovo\Local Sites\my-movies\app\public\wp-blog-header.php(19): require_once('C:\\Users\\Lenovo...')
#2 C:\Users\Lenovo\Local Sites\my-movies\app\public\index.php(17): require('C:\\Users\\Lenovo...')
#3 {main}
  thrown in C:\Users\Lenovo\Local Sites\my-movies\app\public\wp-content\themes\starter\single-movie.php on line 20
[12-Mar-2024 14:47:03 UTC] PHP Fatal error:  Uncaught Error: Cannot use object of type WP_Error as array in C:\Users\Lenovo\Local Sites\my-movies\app\public\wp-content\themes\starter\single-movie.php:20
Stack trace:
#0 C:\Users\Lenovo\Local Sites\my-movies\app\public\wp-includes\template-loader.php(106): include()
#1 C:\Users\Lenovo\Local Sites\my-movies\app\public\wp-blog-header.php(19): require_once('C:\\Users\\Lenovo...')
#2 C:\Users\Lenovo\Local Sites\my-movies\app\public\index.php(17): require('C:\\Users\\Lenovo...')
#3 {main}
  thrown in C:\Users\Lenovo\Local Sites\my-movies\app\public\wp-content\themes\starter\single-movie.php on line 20
[12-Mar-2024 14:47:16 UTC] PHP Fatal error:  Uncaught Error: Cannot use object of type WP_Error as array in C:\Users\Lenovo\Local Sites\my-movies\app\public\wp-content\themes\starter\single-movie.php:20
Stack trace:
#0 C:\Users\Lenovo\Local Sites\my-movies\app\public\wp-includes\template-loader.php(106): include()
#1 C:\Users\Lenovo\Local Sites\my-movies\app\public\wp-blog-header.php(19): require_once('C:\\Users\\Lenovo...')
#2 C:\Users\Lenovo\Local Sites\my-movies\app\public\index.php(17): require('C:\\Users\\Lenovo...')
#3 {main}
  thrown in C:\Users\Lenovo\Local Sites\my-movies\app\public\wp-content\themes\starter\single-movie.php on line 20
[12-Mar-2024 14:50:52 UTC] PHP Warning:  file_put_contents(C:\Users\Lenovo\Local Sites\my-movies\app\public/wp-content/themes/starter/acf-json/taxonomy_65f06b9e66131.json): Failed to open stream: No such file or directory in C:\Users\Lenovo\Local Sites\my-movies\app\public\wp-content\plugins\advanced-custom-fields\includes\local-json.php on line 448
[12-Mar-2024 14:51:16 UTC] PHP Warning:  file_put_contents(C:\Users\Lenovo\Local Sites\my-movies\app\public/wp-content/themes/starter/acf-json/group_65f06b234c13c.json): Failed to open stream: No such file or directory in C:\Users\Lenovo\Local Sites\my-movies\app\public\wp-content\plugins\advanced-custom-fields\includes\local-json.php on line 448
[12-Mar-2024 14:54:45 UTC] PHP Warning:  Trying to access array offset on value of type bool in C:\Users\Lenovo\Local Sites\my-movies\app\public\wp-content\themes\starter\single-movie.php on line 20
[12-Mar-2024 14:54:45 UTC] PHP Warning:  Attempt to read property "name" on null in C:\Users\Lenovo\Local Sites\my-movies\app\public\wp-content\themes\starter\single-movie.php on line 20
[12-Mar-2024 15:00:25 UTC] PHP Warning:  file_put_contents(C:\Users\Lenovo\Local Sites\my-movies\app\public/wp-content/themes/starter/acf-json/taxonomy_65f06b9e66131.json): Failed to open stream: No such file or directory in C:\Users\Lenovo\Local Sites\my-movies\app\public\wp-content\plugins\advanced-custom-fields\includes\local-json.php on line 448
[12-Mar-2024 15:02:03 UTC] PHP Warning:  file_put_contents(C:\Users\Lenovo\Local Sites\my-movies\app\public/wp-content/themes/starter/acf-json/group_65f06b234c13c.json): Failed to open stream: No such file or directory in C:\Users\Lenovo\Local Sites\my-movies\app\public\wp-content\plugins\advanced-custom-fields\includes\local-json.php on line 448
[12-Mar-2024 15:04:38 UTC] PHP Warning:  file_put_contents(C:\Users\Lenovo\Local Sites\my-movies\app\public/wp-content/themes/starter/acf-json/group_65f06b234c13c.json): Failed to open stream: No such file or directory in C:\Users\Lenovo\Local Sites\my-movies\app\public\wp-content\plugins\advanced-custom-fields\includes\local-json.php on line 448
[12-Mar-2024 15:05:45 UTC] PHP Warning:  file_put_contents(C:\Users\Lenovo\Local Sites\my-movies\app\public/wp-content/themes/starter/acf-json/taxonomy_65f06b9e66131.json): Failed to open stream: No such file or directory in C:\Users\Lenovo\Local Sites\my-movies\app\public\wp-content\plugins\advanced-custom-fields\includes\local-json.php on line 448
[12-Mar-2024 15:07:58 UTC] PHP Warning:  file_put_contents(C:\Users\Lenovo\Local Sites\my-movies\app\public/wp-content/themes/starter/acf-json/taxonomy_65f06b9e66131.json): Failed to open stream: No such file or directory in C:\Users\Lenovo\Local Sites\my-movies\app\public\wp-content\plugins\advanced-custom-fields\includes\local-json.php on line 448
[12-Mar-2024 15:17:57 UTC] PHP Warning:  file_put_contents(C:\Users\Lenovo\Local Sites\my-movies\app\public/wp-content/themes/starter/acf-json/taxonomy_65f06b9e66131.json): Failed to open stream: No such file or directory in C:\Users\Lenovo\Local Sites\my-movies\app\public\wp-content\plugins\advanced-custom-fields\includes\local-json.php on line 448
[12-Mar-2024 15:18:31 UTC] PHP Warning:  Undefined variable $genre in C:\Users\Lenovo\Local Sites\my-movies\app\public\wp-content\themes\starter\single-movie.php on line 12
[12-Mar-2024 15:18:33 UTC] PHP Warning:  Undefined variable $genre in C:\Users\Lenovo\Local Sites\my-movies\app\public\wp-content\themes\starter\single-movie.php on line 12
[12-Mar-2024 15:20:22 UTC] PHP Warning:  Undefined variable $genre in C:\Users\Lenovo\Local Sites\my-movies\app\public\wp-content\themes\starter\single-movie.php on line 12
[12-Mar-2024 15:21:51 UTC] PHP Warning:  Undefined variable $genre in C:\Users\Lenovo\Local Sites\my-movies\app\public\wp-content\themes\starter\single-movie.php on line 12
[12-Mar-2024 15:24:07 UTC] PHP Warning:  Undefined variable $genre in C:\Users\Lenovo\Local Sites\my-movies\app\public\wp-content\themes\starter\single-movie.php on line 12
[12-Mar-2024 15:24:07 UTC] PHP Fatal error:  Uncaught TypeError: implode(): Argument #1 ($pieces) must be of type array, string given in C:\Users\Lenovo\Local Sites\my-movies\app\public\wp-content\themes\starter\single-movie.php:20
Stack trace:
#0 C:\Users\Lenovo\Local Sites\my-movies\app\public\wp-content\themes\starter\single-movie.php(20): implode(', ', NULL)
#1 C:\Users\Lenovo\Local Sites\my-movies\app\public\wp-includes\template-loader.php(106): include('C:\\Users\\Lenovo...')
#2 C:\Users\Lenovo\Local Sites\my-movies\app\public\wp-blog-header.php(19): require_once('C:\\Users\\Lenovo...')
#3 C:\Users\Lenovo\Local Sites\my-movies\app\public\index.php(17): require('C:\\Users\\Lenovo...')
#4 {main}
  thrown in C:\Users\Lenovo\Local Sites\my-movies\app\public\wp-content\themes\starter\single-movie.php on line 20
[12-Mar-2024 15:24:31 UTC] PHP Fatal error:  Uncaught TypeError: implode(): Argument #1 ($pieces) must be of type array, string given in C:\Users\Lenovo\Local Sites\my-movies\app\public\wp-content\themes\starter\single-movie.php:20
Stack trace:
#0 C:\Users\Lenovo\Local Sites\my-movies\app\public\wp-content\themes\starter\single-movie.php(20): implode(', ', NULL)
#1 C:\Users\Lenovo\Local Sites\my-movies\app\public\wp-includes\template-loader.php(106): include('C:\\Users\\Lenovo...')
#2 C:\Users\Lenovo\Local Sites\my-movies\app\public\wp-blog-header.php(19): require_once('C:\\Users\\Lenovo...')
#3 C:\Users\Lenovo\Local Sites\my-movies\app\public\index.php(17): require('C:\\Users\\Lenovo...')
#4 {main}
  thrown in C:\Users\Lenovo\Local Sites\my-movies\app\public\wp-content\themes\starter\single-movie.php on line 20
[12-Mar-2024 15:26:28 UTC] PHP Warning:  file_put_contents(C:\Users\Lenovo\Local Sites\my-movies\app\public/wp-content/themes/starter/acf-json/group_65f06b234c13c.json): Failed to open stream: No such file or directory in C:\Users\Lenovo\Local Sites\my-movies\app\public\wp-content\plugins\advanced-custom-fields\includes\local-json.php on line 448
[12-Mar-2024 15:26:38 UTC] PHP Warning:  file_put_contents(C:\Users\Lenovo\Local Sites\my-movies\app\public/wp-content/themes/starter/acf-json/group_65f06b234c13c.json): Failed to open stream: No such file or directory in C:\Users\Lenovo\Local Sites\my-movies\app\public\wp-content\plugins\advanced-custom-fields\includes\local-json.php on line 448
[12-Mar-2024 15:28:13 UTC] PHP Fatal error:  Uncaught TypeError: implode(): Argument #1 ($pieces) must be of type array, string given in C:\Users\Lenovo\Local Sites\my-movies\app\public\wp-content\themes\starter\single-movie.php:20
Stack trace:
#0 C:\Users\Lenovo\Local Sites\my-movies\app\public\wp-content\themes\starter\single-movie.php(20): implode(', ', NULL)
#1 C:\Users\Lenovo\Local Sites\my-movies\app\public\wp-includes\template-loader.php(106): include('C:\\Users\\Lenovo...')
#2 C:\Users\Lenovo\Local Sites\my-movies\app\public\wp-blog-header.php(19): require_once('C:\\Users\\Lenovo...')
#3 C:\Users\Lenovo\Local Sites\my-movies\app\public\index.php(17): require('C:\\Users\\Lenovo...')
#4 {main}
  thrown in C:\Users\Lenovo\Local Sites\my-movies\app\public\wp-content\themes\starter\single-movie.php on line 20
[12-Mar-2024 15:30:02 UTC] PHP Fatal error:  Uncaught TypeError: implode(): Argument #1 ($pieces) must be of type array, string given in C:\Users\Lenovo\Local Sites\my-movies\app\public\wp-content\themes\starter\single-movie.php:20
Stack trace:
#0 C:\Users\Lenovo\Local Sites\my-movies\app\public\wp-content\themes\starter\single-movie.php(20): implode(', ', NULL)
#1 C:\Users\Lenovo\Local Sites\my-movies\app\public\wp-includes\template-loader.php(106): include('C:\\Users\\Lenovo...')
#2 C:\Users\Lenovo\Local Sites\my-movies\app\public\wp-blog-header.php(19): require_once('C:\\Users\\Lenovo...')
#3 C:\Users\Lenovo\Local Sites\my-movies\app\public\index.php(17): require('C:\\Users\\Lenovo...')
#4 {main}
  thrown in C:\Users\Lenovo\Local Sites\my-movies\app\public\wp-content\themes\starter\single-movie.php on line 20
[12-Mar-2024 15:31:52 UTC] PHP Warning:  Undefined variable $movie_genre in C:\Users\Lenovo\Local Sites\my-movies\app\public\wp-content\themes\starter\single-movie.php on line 12
[12-Mar-2024 15:31:52 UTC] PHP Fatal error:  Uncaught TypeError: implode(): Argument #1 ($pieces) must be of type array, string given in C:\Users\Lenovo\Local Sites\my-movies\app\public\wp-content\themes\starter\single-movie.php:20
Stack trace:
#0 C:\Users\Lenovo\Local Sites\my-movies\app\public\wp-content\themes\starter\single-movie.php(20): implode(', ', NULL)
#1 C:\Users\Lenovo\Local Sites\my-movies\app\public\wp-includes\template-loader.php(106): include('C:\\Users\\Lenovo...')
#2 C:\Users\Lenovo\Local Sites\my-movies\app\public\wp-blog-header.php(19): require_once('C:\\Users\\Lenovo...')
#3 C:\Users\Lenovo\Local Sites\my-movies\app\public\index.php(17): require('C:\\Users\\Lenovo...')
#4 {main}
  thrown in C:\Users\Lenovo\Local Sites\my-movies\app\public\wp-content\themes\starter\single-movie.php on line 20
[12-Mar-2024 15:33:36 UTC] PHP Warning:  Undefined variable $movie_genre in C:\Users\Lenovo\Local Sites\my-movies\app\public\wp-content\themes\starter\single-movie.php on line 11
[12-Mar-2024 15:38:58 UTC] PHP Warning:  file_put_contents(C:\Users\Lenovo\Local Sites\my-movies\app\public/wp-content/themes/starter/acf-json/group_65f0760878704.json): Failed to open stream: No such file or directory in C:\Users\Lenovo\Local Sites\my-movies\app\public\wp-content\plugins\advanced-custom-fields\includes\local-json.php on line 448
[12-Mar-2024 15:42:45 UTC] PHP Warning:  file_put_contents(C:\Users\Lenovo\Local Sites\my-movies\app\public/wp-content/themes/starter/acf-json/taxonomy_65f077d4a19f6.json): Failed to open stream: No such file or directory in C:\Users\Lenovo\Local Sites\my-movies\app\public\wp-content\plugins\advanced-custom-fields\includes\local-json.php on line 448
[12-Mar-2024 15:44:10 UTC] PHP Warning:  file_put_contents(C:\Users\Lenovo\Local Sites\my-movies\app\public/wp-content/themes/starter/acf-json/taxonomy_65f0783a9871b.json): Failed to open stream: No such file or directory in C:\Users\Lenovo\Local Sites\my-movies\app\public\wp-content\plugins\advanced-custom-fields\includes\local-json.php on line 448
[12-Mar-2024 15:44:33 UTC] PHP Warning:  file_put_contents(C:\Users\Lenovo\Local Sites\my-movies\app\public/wp-content/themes/starter/acf-json/group_65f0760878704.json): Failed to open stream: No such file or directory in C:\Users\Lenovo\Local Sites\my-movies\app\public\wp-content\plugins\advanced-custom-fields\includes\local-json.php on line 448
[12-Mar-2024 15:46:03 UTC] PHP Warning:  file_put_contents(C:\Users\Lenovo\Local Sites\my-movies\app\public/wp-content/themes/starter/acf-json/group_65f0760878704.json): Failed to open stream: No such file or directory in C:\Users\Lenovo\Local Sites\my-movies\app\public\wp-content\plugins\advanced-custom-fields\includes\local-json.php on line 448
[12-Mar-2024 15:47:00 UTC] PHP Warning:  file_put_contents(C:\Users\Lenovo\Local Sites\my-movies\app\public/wp-content/themes/starter/acf-json/group_65f055729d873.json): Failed to open stream: No such file or directory in C:\Users\Lenovo\Local Sites\my-movies\app\public\wp-content\plugins\advanced-custom-fields\includes\local-json.php on line 448
[12-Mar-2024 15:49:41 UTC] PHP Warning:  file_put_contents(C:\Users\Lenovo\Local Sites\my-movies\app\public/wp-content/themes/starter/acf-json/taxonomy_65f0783a9871b.json): Failed to open stream: No such file or directory in C:\Users\Lenovo\Local Sites\my-movies\app\public\wp-content\plugins\advanced-custom-fields\includes\local-json.php on line 448
[12-Mar-2024 15:50:11 UTC] PHP Warning:  file_put_contents(C:\Users\Lenovo\Local Sites\my-movies\app\public/wp-content/themes/starter/acf-json/group_65f0760878704.json): Failed to open stream: No such file or directory in C:\Users\Lenovo\Local Sites\my-movies\app\public\wp-content\plugins\advanced-custom-fields\includes\local-json.php on line 448
[12-Mar-2024 15:57:57 UTC] PHP Warning:  file_put_contents(C:\Users\Lenovo\Local Sites\my-movies\app\public/wp-content/themes/starter/acf-json/group_65f0760878704.json): Failed to open stream: No such file or directory in C:\Users\Lenovo\Local Sites\my-movies\app\public\wp-content\plugins\advanced-custom-fields\includes\local-json.php on line 448
[12-Mar-2024 15:58:30 UTC] PHP Warning:  file_put_contents(C:\Users\Lenovo\Local Sites\my-movies\app\public/wp-content/themes/starter/acf-json/group_65f0760878704.json): Failed to open stream: No such file or directory in C:\Users\Lenovo\Local Sites\my-movies\app\public\wp-content\plugins\advanced-custom-fields\includes\local-json.php on line 448
[12-Mar-2024 15:59:03 UTC] PHP Warning:  file_put_contents(C:\Users\Lenovo\Local Sites\my-movies\app\public/wp-content/themes/starter/acf-json/taxonomy_65f0783a9871b.json): Failed to open stream: No such file or directory in C:\Users\Lenovo\Local Sites\my-movies\app\public\wp-content\plugins\advanced-custom-fields\includes\local-json.php on line 448
[12-Mar-2024 16:19:57 UTC] PHP Warning:  Undefined variable $movie_genres in C:\Users\Lenovo\Local Sites\my-movies\app\public\wp-content\themes\starter\single-movie.php on line 12
[12-Mar-2024 16:23:49 UTC] PHP Warning:  Undefined variable $movie_genres in C:\Users\Lenovo\Local Sites\my-movies\app\public\wp-content\themes\starter\single-movie.php on line 12
[12-Mar-2024 16:30:07 UTC] PHP Warning:  file_put_contents(C:\Users\Lenovo\Local Sites\my-movies\app\public/wp-content/themes/starter/acf-json/group_65f047c9369e5.json): Failed to open stream: No such file or directory in C:\Users\Lenovo\Local Sites\my-movies\app\public\wp-content\plugins\advanced-custom-fields\includes\local-json.php on line 448
[12-Mar-2024 16:31:45 UTC] PHP Warning:  file_put_contents(C:\Users\Lenovo\Local Sites\my-movies\app\public/wp-content/themes/starter/acf-json/group_65f047c9369e5.json): Failed to open stream: No such file or directory in C:\Users\Lenovo\Local Sites\my-movies\app\public\wp-content\plugins\advanced-custom-fields\includes\local-json.php on line 448
[12-Mar-2024 16:32:01 UTC] PHP Warning:  file_put_contents(C:\Users\Lenovo\Local Sites\my-movies\app\public/wp-content/themes/starter/acf-json/group_65f047c9369e5.json): Failed to open stream: No such file or directory in C:\Users\Lenovo\Local Sites\my-movies\app\public\wp-content\plugins\advanced-custom-fields\includes\local-json.php on line 448
[12-Mar-2024 16:46:34 UTC] PHP Warning:  Undefined variable $cast_image in C:\Users\Lenovo\Local Sites\my-movies\app\public\wp-content\themes\starter\single-movie.php on line 13
[12-Mar-2024 16:46:34 UTC] PHP Warning:  Trying to access array offset on value of type null in C:\Users\Lenovo\Local Sites\my-movies\app\public\wp-content\themes\starter\single-movie.php on line 13
[12-Mar-2024 16:46:34 UTC] PHP Warning:  Attempt to read property "term_id" on null in C:\Users\Lenovo\Local Sites\my-movies\app\public\wp-content\themes\starter\single-movie.php on line 13
[12-Mar-2024 16:46:34 UTC] PHP Warning:  Undefined variable $cast_description in C:\Users\Lenovo\Local Sites\my-movies\app\public\wp-content\themes\starter\single-movie.php on line 14
[12-Mar-2024 16:46:34 UTC] PHP Warning:  Trying to access array offset on value of type null in C:\Users\Lenovo\Local Sites\my-movies\app\public\wp-content\themes\starter\single-movie.php on line 14
[12-Mar-2024 16:46:34 UTC] PHP Warning:  Attempt to read property "term_id" on null in C:\Users\Lenovo\Local Sites\my-movies\app\public\wp-content\themes\starter\single-movie.php on line 14
[12-Mar-2024 16:47:47 UTC] PHP Warning:  Undefined variable $cast_image in C:\Users\Lenovo\Local Sites\my-movies\app\public\wp-content\themes\starter\single-movie.php on line 15
[12-Mar-2024 16:47:47 UTC] PHP Warning:  Undefined variable $cast_image in C:\Users\Lenovo\Local Sites\my-movies\app\public\wp-content\themes\starter\single-movie.php on line 34
[12-Mar-2024 16:47:47 UTC] PHP Warning:  Undefined variable $cast_description in C:\Users\Lenovo\Local Sites\my-movies\app\public\wp-content\themes\starter\single-movie.php on line 36
[12-Mar-2024 16:48:42 UTC] PHP Warning:  Undefined variable $cast_name in C:\Users\Lenovo\Local Sites\my-movies\app\public\wp-content\themes\starter\single-movie.php on line 15
[12-Mar-2024 16:48:42 UTC] PHP Warning:  Undefined variable $cast_image in C:\Users\Lenovo\Local Sites\my-movies\app\public\wp-content\themes\starter\single-movie.php on line 34
[12-Mar-2024 16:48:42 UTC] PHP Warning:  Undefined variable $cast_description in C:\Users\Lenovo\Local Sites\my-movies\app\public\wp-content\themes\starter\single-movie.php on line 36
[12-Mar-2024 16:50:35 UTC] PHP Warning:  Undefined variable $cast_name in C:\Users\Lenovo\Local Sites\my-movies\app\public\wp-content\themes\starter\single-movie.php on line 15
[12-Mar-2024 16:50:35 UTC] PHP Warning:  Undefined variable $cast_image in C:\Users\Lenovo\Local Sites\my-movies\app\public\wp-content\themes\starter\single-movie.php on line 34
[12-Mar-2024 16:50:35 UTC] PHP Warning:  Undefined variable $cast_description in C:\Users\Lenovo\Local Sites\my-movies\app\public\wp-content\themes\starter\single-movie.php on line 36
[12-Mar-2024 16:56:05 UTC] PHP Warning:  Undefined variable $cast_image in C:\Users\Lenovo\Local Sites\my-movies\app\public\wp-content\themes\starter\single-movie.php on line 13
[12-Mar-2024 16:56:05 UTC] PHP Warning:  Trying to access array offset on value of type null in C:\Users\Lenovo\Local Sites\my-movies\app\public\wp-content\themes\starter\single-movie.php on line 13
[12-Mar-2024 16:56:05 UTC] PHP Warning:  Attempt to read property "term_id" on null in C:\Users\Lenovo\Local Sites\my-movies\app\public\wp-content\themes\starter\single-movie.php on line 13
[12-Mar-2024 16:56:05 UTC] PHP Warning:  Undefined variable $cast_name in C:\Users\Lenovo\Local Sites\my-movies\app\public\wp-content\themes\starter\single-movie.php on line 14
[12-Mar-2024 16:56:05 UTC] PHP Warning:  Trying to access array offset on value of type null in C:\Users\Lenovo\Local Sites\my-movies\app\public\wp-content\themes\starter\single-movie.php on line 14
[12-Mar-2024 16:56:05 UTC] PHP Warning:  Attempt to read property "term_id" on null in C:\Users\Lenovo\Local Sites\my-movies\app\public\wp-content\themes\starter\single-movie.php on line 14
[12-Mar-2024 16:56:05 UTC] PHP Warning:  Undefined variable $cast_name in C:\Users\Lenovo\Local Sites\my-movies\app\public\wp-content\themes\starter\single-movie.php on line 36
[12-Mar-2024 16:56:30 UTC] PHP Warning:  Undefined variable $cast_image in C:\Users\Lenovo\Local Sites\my-movies\app\public\wp-content\themes\starter\single-movie.php on line 13
[12-Mar-2024 16:56:30 UTC] PHP Warning:  Trying to access array offset on value of type null in C:\Users\Lenovo\Local Sites\my-movies\app\public\wp-content\themes\starter\single-movie.php on line 13
[12-Mar-2024 16:56:30 UTC] PHP Warning:  Attempt to read property "term_id" on null in C:\Users\Lenovo\Local Sites\my-movies\app\public\wp-content\themes\starter\single-movie.php on line 13
[12-Mar-2024 16:56:30 UTC] PHP Warning:  Undefined variable $cast_name in C:\Users\Lenovo\Local Sites\my-movies\app\public\wp-content\themes\starter\single-movie.php on line 14
[12-Mar-2024 16:56:30 UTC] PHP Warning:  Trying to access array offset on value of type null in C:\Users\Lenovo\Local Sites\my-movies\app\public\wp-content\themes\starter\single-movie.php on line 14
[12-Mar-2024 16:56:30 UTC] PHP Warning:  Attempt to read property "term_id" on null in C:\Users\Lenovo\Local Sites\my-movies\app\public\wp-content\themes\starter\single-movie.php on line 14
[12-Mar-2024 16:57:46 UTC] PHP Warning:  file_put_contents(C:\Users\Lenovo\Local Sites\my-movies\app\public/wp-content/themes/starter/acf-json/group_65f04953731b8.json): Failed to open stream: No such file or directory in C:\Users\Lenovo\Local Sites\my-movies\app\public\wp-content\plugins\advanced-custom-fields\includes\local-json.php on line 448
[12-Mar-2024 16:58:16 UTC] PHP Warning:  file_put_contents(C:\Users\Lenovo\Local Sites\my-movies\app\public/wp-content/themes/starter/acf-json/group_65f04953731b8.json): Failed to open stream: No such file or directory in C:\Users\Lenovo\Local Sites\my-movies\app\public\wp-content\plugins\advanced-custom-fields\includes\local-json.php on line 448
[12-Mar-2024 16:58:26 UTC] PHP Warning:  Undefined variable $cast_image in C:\Users\Lenovo\Local Sites\my-movies\app\public\wp-content\themes\starter\single-movie.php on line 13
[12-Mar-2024 16:58:26 UTC] PHP Warning:  Trying to access array offset on value of type null in C:\Users\Lenovo\Local Sites\my-movies\app\public\wp-content\themes\starter\single-movie.php on line 13
[12-Mar-2024 16:58:26 UTC] PHP Warning:  Attempt to read property "term_id" on null in C:\Users\Lenovo\Local Sites\my-movies\app\public\wp-content\themes\starter\single-movie.php on line 13
[12-Mar-2024 16:58:26 UTC] PHP Warning:  Undefined variable $cast_name in C:\Users\Lenovo\Local Sites\my-movies\app\public\wp-content\themes\starter\single-movie.php on line 14
[12-Mar-2024 16:58:26 UTC] PHP Warning:  Trying to access array offset on value of type null in C:\Users\Lenovo\Local Sites\my-movies\app\public\wp-content\themes\starter\single-movie.php on line 14
[12-Mar-2024 16:58:26 UTC] PHP Warning:  Attempt to read property "term_id" on null in C:\Users\Lenovo\Local Sites\my-movies\app\public\wp-content\themes\starter\single-movie.php on line 14
[12-Mar-2024 17:02:18 UTC] PHP Warning:  Trying to access array offset on value of type bool in C:\Users\Lenovo\Local Sites\my-movies\app\public\wp-content\themes\starter\single-movie.php on line 14
[12-Mar-2024 17:02:18 UTC] PHP Warning:  Attempt to read property "term_id" on null in C:\Users\Lenovo\Local Sites\my-movies\app\public\wp-content\themes\starter\single-movie.php on line 14
[12-Mar-2024 17:02:18 UTC] PHP Warning:  Trying to access array offset on value of type bool in C:\Users\Lenovo\Local Sites\my-movies\app\public\wp-content\themes\starter\single-movie.php on line 15
[12-Mar-2024 17:02:18 UTC] PHP Warning:  Attempt to read property "term_id" on null in C:\Users\Lenovo\Local Sites\my-movies\app\public\wp-content\themes\starter\single-movie.php on line 15
[12-Mar-2024 17:02:51 UTC] PHP Warning:  Trying to access array offset on value of type bool in C:\Users\Lenovo\Local Sites\my-movies\app\public\wp-content\themes\starter\single-movie.php on line 14
[12-Mar-2024 17:02:51 UTC] PHP Warning:  Attempt to read property "term_id" on null in C:\Users\Lenovo\Local Sites\my-movies\app\public\wp-content\themes\starter\single-movie.php on line 14
[12-Mar-2024 17:02:51 UTC] PHP Warning:  Trying to access array offset on value of type bool in C:\Users\Lenovo\Local Sites\my-movies\app\public\wp-content\themes\starter\single-movie.php on line 15
[12-Mar-2024 17:02:51 UTC] PHP Warning:  Attempt to read property "term_id" on null in C:\Users\Lenovo\Local Sites\my-movies\app\public\wp-content\themes\starter\single-movie.php on line 15
[12-Mar-2024 17:04:18 UTC] PHP Warning:  file_put_contents(C:\Users\Lenovo\Local Sites\my-movies\app\public/wp-content/themes/starter/acf-json/group_65f04953731b8.json): Failed to open stream: No such file or directory in C:\Users\Lenovo\Local Sites\my-movies\app\public\wp-content\plugins\advanced-custom-fields\includes\local-json.php on line 448
[12-Mar-2024 17:04:39 UTC] PHP Warning:  file_put_contents(C:\Users\Lenovo\Local Sites\my-movies\app\public/wp-content/themes/starter/acf-json/group_65f04953731b8.json): Failed to open stream: No such file or directory in C:\Users\Lenovo\Local Sites\my-movies\app\public\wp-content\plugins\advanced-custom-fields\includes\local-json.php on line 448
[12-Mar-2024 17:06:25 UTC] PHP Warning:  Undefined variable $movie_casts in C:\Users\Lenovo\Local Sites\my-movies\app\public\wp-content\themes\starter\single-movie.php on line 14
[12-Mar-2024 17:06:25 UTC] PHP Warning:  Trying to access array offset on value of type null in C:\Users\Lenovo\Local Sites\my-movies\app\public\wp-content\themes\starter\single-movie.php on line 14
[12-Mar-2024 17:06:25 UTC] PHP Warning:  Attempt to read property "term_id" on null in C:\Users\Lenovo\Local Sites\my-movies\app\public\wp-content\themes\starter\single-movie.php on line 14
[12-Mar-2024 17:06:25 UTC] PHP Warning:  Undefined variable $movie_casts in C:\Users\Lenovo\Local Sites\my-movies\app\public\wp-content\themes\starter\single-movie.php on line 15
[12-Mar-2024 17:06:25 UTC] PHP Warning:  Trying to access array offset on value of type null in C:\Users\Lenovo\Local Sites\my-movies\app\public\wp-content\themes\starter\single-movie.php on line 15
[12-Mar-2024 17:06:25 UTC] PHP Warning:  Attempt to read property "term_id" on null in C:\Users\Lenovo\Local Sites\my-movies\app\public\wp-content\themes\starter\single-movie.php on line 15
[12-Mar-2024 17:06:25 UTC] PHP Warning:  Undefined variable $cast_image in C:\Users\Lenovo\Local Sites\my-movies\app\public\wp-content\themes\starter\single-movie.php on line 35
[12-Mar-2024 17:06:25 UTC] PHP Warning:  Undefined variable $cast_name in C:\Users\Lenovo\Local Sites\my-movies\app\public\wp-content\themes\starter\single-movie.php on line 37
[12-Mar-2024 17:07:02 UTC] PHP Warning:  Undefined variable $movie_casts in C:\Users\Lenovo\Local Sites\my-movies\app\public\wp-content\themes\starter\single-movie.php on line 14
[12-Mar-2024 17:07:02 UTC] PHP Warning:  Trying to access array offset on value of type null in C:\Users\Lenovo\Local Sites\my-movies\app\public\wp-content\themes\starter\single-movie.php on line 14
[12-Mar-2024 17:07:02 UTC] PHP Warning:  Attempt to read property "term_id" on null in C:\Users\Lenovo\Local Sites\my-movies\app\public\wp-content\themes\starter\single-movie.php on line 14
[12-Mar-2024 17:07:02 UTC] PHP Warning:  Undefined variable $movie_casts in C:\Users\Lenovo\Local Sites\my-movies\app\public\wp-content\themes\starter\single-movie.php on line 15
[12-Mar-2024 17:07:02 UTC] PHP Warning:  Trying to access array offset on value of type null in C:\Users\Lenovo\Local Sites\my-movies\app\public\wp-content\themes\starter\single-movie.php on line 15
[12-Mar-2024 17:07:02 UTC] PHP Warning:  Attempt to read property "term_id" on null in C:\Users\Lenovo\Local Sites\my-movies\app\public\wp-content\themes\starter\single-movie.php on line 15
[12-Mar-2024 17:07:50 UTC] PHP Warning:  Trying to access array offset on value of type bool in C:\Users\Lenovo\Local Sites\my-movies\app\public\wp-content\themes\starter\single-movie.php on line 14
[12-Mar-2024 17:07:50 UTC] PHP Warning:  Attempt to read property "term_id" on null in C:\Users\Lenovo\Local Sites\my-movies\app\public\wp-content\themes\starter\single-movie.php on line 14
[12-Mar-2024 17:07:50 UTC] PHP Warning:  Trying to access array offset on value of type bool in C:\Users\Lenovo\Local Sites\my-movies\app\public\wp-content\themes\starter\single-movie.php on line 15
[12-Mar-2024 17:07:50 UTC] PHP Warning:  Attempt to read property "term_id" on null in C:\Users\Lenovo\Local Sites\my-movies\app\public\wp-content\themes\starter\single-movie.php on line 15
[12-Mar-2024 17:08:40 UTC] PHP Warning:  Trying to access array offset on value of type bool in C:\Users\Lenovo\Local Sites\my-movies\app\public\wp-content\themes\starter\single-movie.php on line 14
[12-Mar-2024 17:08:40 UTC] PHP Warning:  Attempt to read property "term_id" on null in C:\Users\Lenovo\Local Sites\my-movies\app\public\wp-content\themes\starter\single-movie.php on line 14
[12-Mar-2024 17:08:40 UTC] PHP Warning:  Trying to access array offset on value of type bool in C:\Users\Lenovo\Local Sites\my-movies\app\public\wp-content\themes\starter\single-movie.php on line 15
[12-Mar-2024 17:08:40 UTC] PHP Warning:  Attempt to read property "term_id" on null in C:\Users\Lenovo\Local Sites\my-movies\app\public\wp-content\themes\starter\single-movie.php on line 15
[12-Mar-2024 17:13:15 UTC] PHP Warning:  Trying to access array offset on value of type bool in C:\Users\Lenovo\Local Sites\my-movies\app\public\wp-content\themes\starter\single-movie.php on line 14
[12-Mar-2024 17:13:15 UTC] PHP Warning:  Attempt to read property "term_id" on null in C:\Users\Lenovo\Local Sites\my-movies\app\public\wp-content\themes\starter\single-movie.php on line 14
[12-Mar-2024 17:13:15 UTC] PHP Warning:  Trying to access array offset on value of type bool in C:\Users\Lenovo\Local Sites\my-movies\app\public\wp-content\themes\starter\single-movie.php on line 15
[12-Mar-2024 17:13:15 UTC] PHP Warning:  Attempt to read property "term_id" on null in C:\Users\Lenovo\Local Sites\my-movies\app\public\wp-content\themes\starter\single-movie.php on line 15
[12-Mar-2024 17:15:49 UTC] PHP Warning:  Trying to access array offset on value of type bool in C:\Users\Lenovo\Local Sites\my-movies\app\public\wp-content\themes\starter\single-movie.php on line 14
[12-Mar-2024 17:15:49 UTC] PHP Warning:  Attempt to read property "term_id" on null in C:\Users\Lenovo\Local Sites\my-movies\app\public\wp-content\themes\starter\single-movie.php on line 14
[12-Mar-2024 17:15:49 UTC] PHP Warning:  Trying to access array offset on value of type bool in C:\Users\Lenovo\Local Sites\my-movies\app\public\wp-content\themes\starter\single-movie.php on line 15
[12-Mar-2024 17:15:49 UTC] PHP Warning:  Attempt to read property "term_id" on null in C:\Users\Lenovo\Local Sites\my-movies\app\public\wp-content\themes\starter\single-movie.php on line 15
[12-Mar-2024 17:16:54 UTC] PHP Warning:  Trying to access array offset on value of type bool in C:\Users\Lenovo\Local Sites\my-movies\app\public\wp-content\themes\starter\single-movie.php on line 14
[12-Mar-2024 17:16:54 UTC] PHP Warning:  Attempt to read property "term_id" on null in C:\Users\Lenovo\Local Sites\my-movies\app\public\wp-content\themes\starter\single-movie.php on line 14
[12-Mar-2024 17:16:54 UTC] PHP Warning:  Trying to access array offset on value of type bool in C:\Users\Lenovo\Local Sites\my-movies\app\public\wp-content\themes\starter\single-movie.php on line 15
[12-Mar-2024 17:16:54 UTC] PHP Warning:  Attempt to read property "term_id" on null in C:\Users\Lenovo\Local Sites\my-movies\app\public\wp-content\themes\starter\single-movie.php on line 15
[12-Mar-2024 17:16:54 UTC] PHP Warning:  Trying to access array offset on value of type bool in C:\Users\Lenovo\Local Sites\my-movies\app\public\wp-content\themes\starter\single-movie.php on line 37
[12-Mar-2024 17:16:54 UTC] PHP Warning:  Attempt to read property "name" on null in C:\Users\Lenovo\Local Sites\my-movies\app\public\wp-content\themes\starter\single-movie.php on line 37
[12-Mar-2024 17:17:16 UTC] PHP Warning:  Trying to access array offset on value of type bool in C:\Users\Lenovo\Local Sites\my-movies\app\public\wp-content\themes\starter\single-movie.php on line 14
[12-Mar-2024 17:17:16 UTC] PHP Warning:  Attempt to read property "term_id" on null in C:\Users\Lenovo\Local Sites\my-movies\app\public\wp-content\themes\starter\single-movie.php on line 14
[12-Mar-2024 17:17:16 UTC] PHP Warning:  Trying to access array offset on value of type bool in C:\Users\Lenovo\Local Sites\my-movies\app\public\wp-content\themes\starter\single-movie.php on line 15
[12-Mar-2024 17:17:16 UTC] PHP Warning:  Attempt to read property "term_id" on null in C:\Users\Lenovo\Local Sites\my-movies\app\public\wp-content\themes\starter\single-movie.php on line 15
[12-Mar-2024 17:17:16 UTC] PHP Warning:  Undefined variable $movie_cast in C:\Users\Lenovo\Local Sites\my-movies\app\public\wp-content\themes\starter\single-movie.php on line 37
[12-Mar-2024 17:17:16 UTC] PHP Warning:  Trying to access array offset on value of type null in C:\Users\Lenovo\Local Sites\my-movies\app\public\wp-content\themes\starter\single-movie.php on line 37
[12-Mar-2024 17:17:16 UTC] PHP Warning:  Attempt to read property "name" on null in C:\Users\Lenovo\Local Sites\my-movies\app\public\wp-content\themes\starter\single-movie.php on line 37
[12-Mar-2024 17:18:04 UTC] PHP Warning:  Trying to access array offset on value of type bool in C:\Users\Lenovo\Local Sites\my-movies\app\public\wp-content\themes\starter\single-movie.php on line 14
[12-Mar-2024 17:18:04 UTC] PHP Warning:  Attempt to read property "term_id" on null in C:\Users\Lenovo\Local Sites\my-movies\app\public\wp-content\themes\starter\single-movie.php on line 14
[12-Mar-2024 17:18:04 UTC] PHP Warning:  Trying to access array offset on value of type bool in C:\Users\Lenovo\Local Sites\my-movies\app\public\wp-content\themes\starter\single-movie.php on line 15
[12-Mar-2024 17:18:04 UTC] PHP Warning:  Attempt to read property "term_id" on null in C:\Users\Lenovo\Local Sites\my-movies\app\public\wp-content\themes\starter\single-movie.php on line 15
[12-Mar-2024 17:18:04 UTC] PHP Warning:  Undefined variable $movie_cast in C:\Users\Lenovo\Local Sites\my-movies\app\public\wp-content\themes\starter\single-movie.php on line 37
[12-Mar-2024 17:18:04 UTC] PHP Warning:  Trying to access array offset on value of type null in C:\Users\Lenovo\Local Sites\my-movies\app\public\wp-content\themes\starter\single-movie.php on line 37
[12-Mar-2024 17:18:04 UTC] PHP Warning:  Attempt to read property "name" on null in C:\Users\Lenovo\Local Sites\my-movies\app\public\wp-content\themes\starter\single-movie.php on line 37
[12-Mar-2024 17:22:30 UTC] PHP Warning:  file_put_contents(C:\Users\Lenovo\Local Sites\my-movies\app\public/wp-content/themes/starter/acf-json/taxonomy_65f08f3767526.json): Failed to open stream: No such file or directory in C:\Users\Lenovo\Local Sites\my-movies\app\public\wp-content\plugins\advanced-custom-fields\includes\local-json.php on line 448
[12-Mar-2024 17:24:11 UTC] PHP Warning:  file_put_contents(C:\Users\Lenovo\Local Sites\my-movies\app\public/wp-content/themes/starter/acf-json/group_65f08f5c56a88.json): Failed to open stream: No such file or directory in C:\Users\Lenovo\Local Sites\my-movies\app\public\wp-content\plugins\advanced-custom-fields\includes\local-json.php on line 448
[13-Mar-2024 14:01:58 UTC] PHP Warning:  file_put_contents(C:\Users\Lenovo\Local Sites\my-movies\app\public/wp-content/themes/starter/acf-json/taxonomy_65f1b1b752eec.json): Failed to open stream: No such file or directory in C:\Users\Lenovo\Local Sites\my-movies\app\public\wp-content\plugins\advanced-custom-fields\includes\local-json.php on line 448
[13-Mar-2024 14:02:42 UTC] PHP Warning:  file_put_contents(C:\Users\Lenovo\Local Sites\my-movies\app\public/wp-content/themes/starter/acf-json/group_65f08f5c56a88.json): Failed to open stream: No such file or directory in C:\Users\Lenovo\Local Sites\my-movies\app\public\wp-content\plugins\advanced-custom-fields\includes\local-json.php on line 448
[13-Mar-2024 14:08:58 UTC] PHP Warning:  file_put_contents(C:\Users\Lenovo\Local Sites\my-movies\app\public/wp-content/themes/starter/acf-json/group_65f08f5c56a88.json): Failed to open stream: No such file or directory in C:\Users\Lenovo\Local Sites\my-movies\app\public\wp-content\plugins\advanced-custom-fields\includes\local-json.php on line 448
[13-Mar-2024 14:09:21 UTC] PHP Warning:  file_put_contents(C:\Users\Lenovo\Local Sites\my-movies\app\public/wp-content/themes/starter/acf-json/group_65f08f5c56a88.json): Failed to open stream: No such file or directory in C:\Users\Lenovo\Local Sites\my-movies\app\public\wp-content\plugins\advanced-custom-fields\includes\local-json.php on line 448
[13-Mar-2024 14:10:33 UTC] PHP Warning:  file_put_contents(C:\Users\Lenovo\Local Sites\my-movies\app\public/wp-content/themes/starter/acf-json/group_65f08f5c56a88.json): Failed to open stream: No such file or directory in C:\Users\Lenovo\Local Sites\my-movies\app\public\wp-content\plugins\advanced-custom-fields\includes\local-json.php on line 448
[13-Mar-2024 14:12:19 UTC] PHP Warning:  file_put_contents(C:\Users\Lenovo\Local Sites\my-movies\app\public/wp-content/themes/starter/acf-json/taxonomy_65f1b416e6cef.json): Failed to open stream: No such file or directory in C:\Users\Lenovo\Local Sites\my-movies\app\public\wp-content\plugins\advanced-custom-fields\includes\local-json.php on line 448
[13-Mar-2024 14:15:25 UTC] PHP Warning:  file_put_contents(C:\Users\Lenovo\Local Sites\my-movies\app\public/wp-content/themes/starter/acf-json/group_65f08f5c56a88.json): Failed to open stream: No such file or directory in C:\Users\Lenovo\Local Sites\my-movies\app\public\wp-content\plugins\advanced-custom-fields\includes\local-json.php on line 448
[13-Mar-2024 14:18:05 UTC] PHP Fatal error:  Uncaught Error: Cannot use object of type WP_Error as array in C:\Users\Lenovo\Local Sites\my-movies\app\public\wp-content\themes\starter\single-movie.php:21
Stack trace:
#0 C:\Users\Lenovo\Local Sites\my-movies\app\public\wp-includes\template-loader.php(106): include()
#1 C:\Users\Lenovo\Local Sites\my-movies\app\public\wp-blog-header.php(19): require_once('C:\\Users\\Lenovo...')
#2 C:\Users\Lenovo\Local Sites\my-movies\app\public\index.php(17): require('C:\\Users\\Lenovo...')
#3 {main}
  thrown in C:\Users\Lenovo\Local Sites\my-movies\app\public\wp-content\themes\starter\single-movie.php on line 21
[13-Mar-2024 14:21:36 UTC] PHP Warning:  Trying to access array offset on value of type null in C:\Users\Lenovo\Local Sites\my-movies\app\public\wp-content\themes\starter\single-movie.php on line 21
[13-Mar-2024 14:21:36 UTC] PHP Warning:  Attempt to read property "name" on null in C:\Users\Lenovo\Local Sites\my-movies\app\public\wp-content\themes\starter\single-movie.php on line 21
[13-Mar-2024 14:38:40 UTC] PHP Warning:  file_put_contents(C:\Users\Lenovo\Local Sites\my-movies\app\public/wp-content/themes/starter/acf-json/group_65f1ba0c3b561.json): Failed to open stream: No such file or directory in C:\Users\Lenovo\Local Sites\my-movies\app\public\wp-content\plugins\advanced-custom-fields\includes\local-json.php on line 448
[13-Mar-2024 14:40:27 UTC] PHP Warning:  file_put_contents(C:\Users\Lenovo\Local Sites\my-movies\app\public/wp-content/themes/starter/acf-json/taxonomy_65f1baca71dd9.json): Failed to open stream: No such file or directory in C:\Users\Lenovo\Local Sites\my-movies\app\public\wp-content\plugins\advanced-custom-fields\includes\local-json.php on line 448
[13-Mar-2024 14:41:49 UTC] PHP Warning:  file_put_contents(C:\Users\Lenovo\Local Sites\my-movies\app\public/wp-content/themes/starter/acf-json/taxonomy_65f1baca71dd9.json): Failed to open stream: No such file or directory in C:\Users\Lenovo\Local Sites\my-movies\app\public\wp-content\plugins\advanced-custom-fields\includes\local-json.php on line 448
[13-Mar-2024 14:43:51 UTC] PHP Warning:  file_put_contents(C:\Users\Lenovo\Local Sites\my-movies\app\public/wp-content/themes/starter/acf-json/group_65f1ba0c3b561.json): Failed to open stream: No such file or directory in C:\Users\Lenovo\Local Sites\my-movies\app\public\wp-content\plugins\advanced-custom-fields\includes\local-json.php on line 448
[13-Mar-2024 14:47:14 UTC] PHP Warning:  file_put_contents(C:\Users\Lenovo\Local Sites\my-movies\app\public/wp-content/themes/starter/acf-json/group_65f1ba0c3b561.json): Failed to open stream: No such file or directory in C:\Users\Lenovo\Local Sites\my-movies\app\public\wp-content\plugins\advanced-custom-fields\includes\local-json.php on line 448
[13-Mar-2024 14:47:43 UTC] PHP Warning:  Array to string conversion in C:\Users\Lenovo\Local Sites\my-movies\app\public\wp-includes\formatting.php on line 1108
[13-Mar-2024 15:43:28 UTC] PHP Warning:  file_put_contents(C:\Users\Lenovo\Local Sites\my-movies\app\public/wp-content/themes/starter/acf-json/group_65f1c96a3c7e3.json): Failed to open stream: No such file or directory in C:\Users\Lenovo\Local Sites\my-movies\app\public\wp-content\plugins\advanced-custom-fields\includes\local-json.php on line 448
[13-Mar-2024 15:46:09 UTC] PHP Warning:  file_put_contents(C:\Users\Lenovo\Local Sites\my-movies\app\public/wp-content/themes/starter/acf-json/group_65f1c96a3c7e3.json): Failed to open stream: No such file or directory in C:\Users\Lenovo\Local Sites\my-movies\app\public\wp-content\plugins\advanced-custom-fields\includes\local-json.php on line 448
[13-Mar-2024 15:48:14 UTC] PHP Fatal error:  Uncaught Error: Object of class WP_Error could not be converted to string in C:\Users\Lenovo\Local Sites\my-movies\app\public\wp-content\themes\starter\single-movie.php:21
Stack trace:
#0 C:\Users\Lenovo\Local Sites\my-movies\app\public\wp-includes\template-loader.php(106): include()
#1 C:\Users\Lenovo\Local Sites\my-movies\app\public\wp-blog-header.php(19): require_once('C:\\Users\\Lenovo...')
#2 C:\Users\Lenovo\Local Sites\my-movies\app\public\index.php(17): require('C:\\Users\\Lenovo...')
#3 {main}
  thrown in C:\Users\Lenovo\Local Sites\my-movies\app\public\wp-content\themes\starter\single-movie.php on line 21
[13-Mar-2024 15:48:48 UTC] PHP Fatal error:  Uncaught Error: Object of class WP_Error could not be converted to string in C:\Users\Lenovo\Local Sites\my-movies\app\public\wp-content\themes\starter\single-movie.php:21
Stack trace:
#0 C:\Users\Lenovo\Local Sites\my-movies\app\public\wp-includes\template-loader.php(106): include()
#1 C:\Users\Lenovo\Local Sites\my-movies\app\public\wp-blog-header.php(19): require_once('C:\\Users\\Lenovo...')
#2 C:\Users\Lenovo\Local Sites\my-movies\app\public\index.php(17): require('C:\\Users\\Lenovo...')
#3 {main}
  thrown in C:\Users\Lenovo\Local Sites\my-movies\app\public\wp-content\themes\starter\single-movie.php on line 21
[13-Mar-2024 15:50:58 UTC] PHP Fatal error:  Uncaught Error: Cannot use object of type WP_Error as array in C:\Users\Lenovo\Local Sites\my-movies\app\public\wp-content\themes\starter\single-movie.php:22
Stack trace:
#0 C:\Users\Lenovo\Local Sites\my-movies\app\public\wp-includes\template-loader.php(106): include()
#1 C:\Users\Lenovo\Local Sites\my-movies\app\public\wp-blog-header.php(19): require_once('C:\\Users\\Lenovo...')
#2 C:\Users\Lenovo\Local Sites\my-movies\app\public\index.php(17): require('C:\\Users\\Lenovo...')
#3 {main}
  thrown in C:\Users\Lenovo\Local Sites\my-movies\app\public\wp-content\themes\starter\single-movie.php on line 22
[13-Mar-2024 15:51:02 UTC] PHP Warning:  file_put_contents(C:\Users\Lenovo\Local Sites\my-movies\app\public/wp-content/themes/starter/acf-json/taxonomy_65f04b2cc8d51.json): Failed to open stream: No such file or directory in C:\Users\Lenovo\Local Sites\my-movies\app\public\wp-content\plugins\advanced-custom-fields\includes\local-json.php on line 448
[13-Mar-2024 15:51:48 UTC] PHP Warning:  file_put_contents(C:\Users\Lenovo\Local Sites\my-movies\app\public/wp-content/themes/starter/acf-json/group_65f1c96a3c7e3.json): Failed to open stream: No such file or directory in C:\Users\Lenovo\Local Sites\my-movies\app\public\wp-content\plugins\advanced-custom-fields\includes\local-json.php on line 448
[13-Mar-2024 15:52:40 UTC] PHP Warning:  file_put_contents(C:\Users\Lenovo\Local Sites\my-movies\app\public/wp-content/themes/starter/acf-json/group_65f04b599fb04.json): Failed to open stream: No such file or directory in C:\Users\Lenovo\Local Sites\my-movies\app\public\wp-content\plugins\advanced-custom-fields\includes\local-json.php on line 448
[13-Mar-2024 15:53:36 UTC] PHP Fatal error:  Uncaught Error: Cannot use object of type WP_Error as array in C:\Users\Lenovo\Local Sites\my-movies\app\public\wp-content\themes\starter\single-movie.php:22
Stack trace:
#0 C:\Users\Lenovo\Local Sites\my-movies\app\public\wp-includes\template-loader.php(106): include()
#1 C:\Users\Lenovo\Local Sites\my-movies\app\public\wp-blog-header.php(19): require_once('C:\\Users\\Lenovo...')
#2 C:\Users\Lenovo\Local Sites\my-movies\app\public\index.php(17): require('C:\\Users\\Lenovo...')
#3 {main}
  thrown in C:\Users\Lenovo\Local Sites\my-movies\app\public\wp-content\themes\starter\single-movie.php on line 22
[13-Mar-2024 15:53:39 UTC] PHP Warning:  file_put_contents(C:\Users\Lenovo\Local Sites\my-movies\app\public/wp-content/themes/starter/acf-json/taxonomy_65f04b2cc8d51.json): Failed to open stream: No such file or directory in C:\Users\Lenovo\Local Sites\my-movies\app\public\wp-content\plugins\advanced-custom-fields\includes\local-json.php on line 448
[13-Mar-2024 15:54:12 UTC] PHP Warning:  file_put_contents(C:\Users\Lenovo\Local Sites\my-movies\app\public/wp-content/themes/starter/acf-json/group_65f1c96a3c7e3.json): Failed to open stream: No such file or directory in C:\Users\Lenovo\Local Sites\my-movies\app\public\wp-content\plugins\advanced-custom-fields\includes\local-json.php on line 448
[13-Mar-2024 15:54:25 UTC] PHP Warning:  file_put_contents(C:\Users\Lenovo\Local Sites\my-movies\app\public/wp-content/themes/starter/acf-json/group_65f055729d873.json): Failed to open stream: No such file or directory in C:\Users\Lenovo\Local Sites\my-movies\app\public\wp-content\plugins\advanced-custom-fields\includes\local-json.php on line 448
[13-Mar-2024 15:54:40 UTC] PHP Warning:  file_put_contents(C:\Users\Lenovo\Local Sites\my-movies\app\public/wp-content/themes/starter/acf-json/group_65f05e3a2b722.json): Failed to open stream: No such file or directory in C:\Users\Lenovo\Local Sites\my-movies\app\public\wp-content\plugins\advanced-custom-fields\includes\local-json.php on line 448
[13-Mar-2024 15:58:05 UTC] PHP Warning:  file_put_contents(C:\Users\Lenovo\Local Sites\my-movies\app\public/wp-content/themes/starter/acf-json/group_65f05e3a2b722.json): Failed to open stream: No such file or directory in C:\Users\Lenovo\Local Sites\my-movies\app\public\wp-content\plugins\advanced-custom-fields\includes\local-json.php on line 448
[13-Mar-2024 15:58:26 UTC] PHP Warning:  file_put_contents(C:\Users\Lenovo\Local Sites\my-movies\app\public/wp-content/themes/starter/acf-json/group_65f055729d873.json): Failed to open stream: No such file or directory in C:\Users\Lenovo\Local Sites\my-movies\app\public\wp-content\plugins\advanced-custom-fields\includes\local-json.php on line 448
[13-Mar-2024 16:03:10 UTC] PHP Warning:  file_put_contents(C:\Users\Lenovo\Local Sites\my-movies\app\public/wp-content/themes/starter/acf-json/taxonomy_65f1ce2816ce5.json): Failed to open stream: No such file or directory in C:\Users\Lenovo\Local Sites\my-movies\app\public\wp-content\plugins\advanced-custom-fields\includes\local-json.php on line 448
[13-Mar-2024 16:10:56 UTC] PHP Warning:  Trying to access array offset on value of type null in C:\Users\Lenovo\Local Sites\my-movies\app\public\wp-content\themes\starter\single-movie.php on line 22
[13-Mar-2024 16:10:56 UTC] PHP Warning:  Attempt to read property "name" on null in C:\Users\Lenovo\Local Sites\my-movies\app\public\wp-content\themes\starter\single-movie.php on line 22
[13-Mar-2024 16:13:00 UTC] PHP Warning:  Trying to access array offset on value of type null in C:\Users\Lenovo\Local Sites\my-movies\app\public\wp-content\themes\starter\single-movie.php on line 22
[13-Mar-2024 16:13:00 UTC] PHP Warning:  Attempt to read property "name" on null in C:\Users\Lenovo\Local Sites\my-movies\app\public\wp-content\themes\starter\single-movie.php on line 22
[13-Mar-2024 16:13:50 UTC] PHP Warning:  Trying to access array offset on value of type null in C:\Users\Lenovo\Local Sites\my-movies\app\public\wp-content\themes\starter\single-movie.php on line 22
[13-Mar-2024 16:13:50 UTC] PHP Warning:  Attempt to read property "name" on null in C:\Users\Lenovo\Local Sites\my-movies\app\public\wp-content\themes\starter\single-movie.php on line 22
[13-Mar-2024 16:13:55 UTC] PHP Warning:  file_put_contents(C:\Users\Lenovo\Local Sites\my-movies\app\public/wp-content/themes/starter/acf-json/taxonomy_65f04b2cc8d51.json): Failed to open stream: No such file or directory in C:\Users\Lenovo\Local Sites\my-movies\app\public\wp-content\plugins\advanced-custom-fields\includes\local-json.php on line 448
[13-Mar-2024 16:18:55 UTC] PHP Warning:  file_put_contents(C:\Users\Lenovo\Local Sites\my-movies\app\public/wp-content/themes/starter/acf-json/group_65f1d14480aa9.json): Failed to open stream: No such file or directory in C:\Users\Lenovo\Local Sites\my-movies\app\public\wp-content\plugins\advanced-custom-fields\includes\local-json.php on line 448
[13-Mar-2024 16:25:11 UTC] PHP Parse error:  syntax error, unexpected identifier "print_r" in C:\Users\Lenovo\Local Sites\my-movies\app\public\wp-content\themes\starter\single-movie.php on line 14
[13-Mar-2024 16:57:11 UTC] PHP Fatal error:  Uncaught TypeError: Illegal offset type in isset or empty in C:\Users\Lenovo\Local Sites\my-movies\app\public\wp-content\plugins\advanced-custom-fields\includes\class-acf-data.php:127
Stack trace:
#0 C:\Users\Lenovo\Local Sites\my-movies\app\public\wp-content\plugins\advanced-custom-fields\includes\local-fields.php(579): ACF_Data->is(Object(WP_Term))
#1 C:\Users\Lenovo\Local Sites\my-movies\app\public\wp-content\plugins\advanced-custom-fields\includes\local-fields.php(670): acf_is_local_field_key(Object(WP_Term))
#2 C:\Users\Lenovo\Local Sites\my-movies\app\public\wp-includes\class-wp-hook.php(324): _acf_apply_is_local_field_key(false, Object(WP_Term))
#3 C:\Users\Lenovo\Local Sites\my-movies\app\public\wp-includes\plugin.php(205): WP_Hook->apply_filters(false, Array)
#4 C:\Users\Lenovo\Local Sites\my-movies\app\public\wp-content\plugins\advanced-custom-fields\includes\acf-field-functions.php(197): apply_filters('acf/is_field_ke...', false, Object(WP_Term))
#5 C:\Users\Lenovo\Local Sites\my-movies\app\public\wp-content\plugins\advanced-custom-fields\includes\api\api-template.php(288): acf_is_field_key(Object(WP_Term))
#6 C:\Users\Lenovo\Local Sites\my-movies\app\public\wp-content\plugins\advanced-custom-fields\includes\api\api-template.php(23): acf_maybe_get_field(Object(WP_Term), 27)
#7 C:\Users\Lenovo\Local Sites\my-movies\app\public\wp-content\themes\starter\single-movie.php(37): get_field(Object(WP_Term))
#8 C:\Users\Lenovo\Local Sites\my-movies\app\public\wp-includes\template-loader.php(106): include('C:\\Users\\Lenovo...')
#9 C:\Users\Lenovo\Local Sites\my-movies\app\public\wp-blog-header.php(19): require_once('C:\\Users\\Lenovo...')
#10 C:\Users\Lenovo\Local Sites\my-movies\app\public\index.php(17): require('C:\\Users\\Lenovo...')
#11 {main}
  thrown in C:\Users\Lenovo\Local Sites\my-movies\app\public\wp-content\plugins\advanced-custom-fields\includes\class-acf-data.php on line 127
[13-Mar-2024 16:58:00 UTC] PHP Warning:  Undefined variable $movie_cast in C:\Users\Lenovo\Local Sites\my-movies\app\public\wp-content\themes\starter\single-movie.php on line 15
[13-Mar-2024 17:01:13 UTC] PHP Warning:  Undefined array key 7 in C:\Users\Lenovo\Local Sites\my-movies\app\public\wp-content\themes\starter\single-movie.php on line 37
[13-Mar-2024 17:01:13 UTC] PHP Warning:  Attempt to read property "name" on null in C:\Users\Lenovo\Local Sites\my-movies\app\public\wp-content\themes\starter\single-movie.php on line 37
[13-Mar-2024 17:01:13 UTC] PHP Warning:  Undefined array key 8 in C:\Users\Lenovo\Local Sites\my-movies\app\public\wp-content\themes\starter\single-movie.php on line 39
[13-Mar-2024 17:01:13 UTC] PHP Warning:  Attempt to read property "name" on null in C:\Users\Lenovo\Local Sites\my-movies\app\public\wp-content\themes\starter\single-movie.php on line 39
[13-Mar-2024 17:01:13 UTC] PHP Warning:  Undefined array key 9 in C:\Users\Lenovo\Local Sites\my-movies\app\public\wp-content\themes\starter\single-movie.php on line 41
[13-Mar-2024 17:01:13 UTC] PHP Warning:  Attempt to read property "name" on null in C:\Users\Lenovo\Local Sites\my-movies\app\public\wp-content\themes\starter\single-movie.php on line 41
[13-Mar-2024 17:13:32 UTC] PHP Fatal error:  Uncaught Error: Cannot use object of type WP_Term as array in C:\Users\Lenovo\Local Sites\my-movies\app\public\wp-content\themes\starter\single-movie.php:14
Stack trace:
#0 C:\Users\Lenovo\Local Sites\my-movies\app\public\wp-includes\template-loader.php(106): include()
#1 C:\Users\Lenovo\Local Sites\my-movies\app\public\wp-blog-header.php(19): require_once('C:\\Users\\Lenovo...')
#2 C:\Users\Lenovo\Local Sites\my-movies\app\public\index.php(17): require('C:\\Users\\Lenovo...')
#3 {main}
  thrown in C:\Users\Lenovo\Local Sites\my-movies\app\public\wp-content\themes\starter\single-movie.php on line 14
[13-Mar-2024 17:14:02 UTC] PHP Warning:  Trying to access array offset on value of type int in C:\Users\Lenovo\Local Sites\my-movies\app\public\wp-content\themes\starter\single-movie.php on line 14
[13-Mar-2024 17:14:02 UTC] PHP Warning:  Attempt to read property "term_id" on null in C:\Users\Lenovo\Local Sites\my-movies\app\public\wp-content\themes\starter\single-movie.php on line 14
[13-Mar-2024 17:14:02 UTC] PHP Warning:  Trying to access array offset on value of type null in C:\Users\Lenovo\Local Sites\my-movies\app\public\wp-content\themes\starter\single-movie.php on line 14
[13-Mar-2024 17:14:02 UTC] PHP Warning:  Attempt to read property "term_id" on null in C:\Users\Lenovo\Local Sites\my-movies\app\public\wp-content\themes\starter\single-movie.php on line 14
[13-Mar-2024 17:14:02 UTC] PHP Warning:  Trying to access array offset on value of type null in C:\Users\Lenovo\Local Sites\my-movies\app\public\wp-content\themes\starter\single-movie.php on line 14
[13-Mar-2024 17:14:02 UTC] PHP Warning:  Attempt to read property "term_id" on null in C:\Users\Lenovo\Local Sites\my-movies\app\public\wp-content\themes\starter\single-movie.php on line 14
[13-Mar-2024 17:18:51 UTC] PHP Warning:  file_put_contents(C:\Users\Lenovo\Local Sites\my-movies\app\public/wp-content/themes/starter/acf-json/group_65f1d14480aa9.json): Failed to open stream: No such file or directory in C:\Users\Lenovo\Local Sites\my-movies\app\public\wp-content\plugins\advanced-custom-fields\includes\local-json.php on line 448
[13-Mar-2024 17:28:23 UTC] PHP Warning:  file_put_contents(C:\Users\Lenovo\Local Sites\my-movies\app\public/wp-content/themes/starter/acf-json/group_65f1d14480aa9.json): Failed to open stream: No such file or directory in C:\Users\Lenovo\Local Sites\my-movies\app\public\wp-content\plugins\advanced-custom-fields\includes\local-json.php on line 448
[13-Mar-2024 17:31:24 UTC] PHP Warning:  Trying to access array offset on value of type bool in C:\Users\Lenovo\Local Sites\my-movies\app\public\wp-content\themes\starter\single-movie.php on line 14
[13-Mar-2024 17:31:24 UTC] PHP Warning:  Attempt to read property "term_id" on null in C:\Users\Lenovo\Local Sites\my-movies\app\public\wp-content\themes\starter\single-movie.php on line 14
[13-Mar-2024 17:31:24 UTC] PHP Warning:  Trying to access array offset on value of type bool in C:\Users\Lenovo\Local Sites\my-movies\app\public\wp-content\themes\starter\single-movie.php on line 16
[13-Mar-2024 17:31:24 UTC] PHP Warning:  Attempt to read property "term_id" on null in C:\Users\Lenovo\Local Sites\my-movies\app\public\wp-content\themes\starter\single-movie.php on line 16
[13-Mar-2024 17:31:24 UTC] PHP Warning:  Trying to access array offset on value of type bool in C:\Users\Lenovo\Local Sites\my-movies\app\public\wp-content\themes\starter\single-movie.php on line 38
[13-Mar-2024 17:31:24 UTC] PHP Warning:  Attempt to read property "name" on null in C:\Users\Lenovo\Local Sites\my-movies\app\public\wp-content\themes\starter\single-movie.php on line 38
[13-Mar-2024 17:31:24 UTC] PHP Warning:  Trying to access array offset on value of type bool in C:\Users\Lenovo\Local Sites\my-movies\app\public\wp-content\themes\starter\single-movie.php on line 40
[13-Mar-2024 17:31:24 UTC] PHP Warning:  Attempt to read property "name" on null in C:\Users\Lenovo\Local Sites\my-movies\app\public\wp-content\themes\starter\single-movie.php on line 40
[13-Mar-2024 17:32:46 UTC] PHP Warning:  Trying to access array offset on value of type bool in C:\Users\Lenovo\Local Sites\my-movies\app\public\wp-content\themes\starter\single-movie.php on line 16
[13-Mar-2024 17:32:46 UTC] PHP Warning:  Attempt to read property "term_id" on null in C:\Users\Lenovo\Local Sites\my-movies\app\public\wp-content\themes\starter\single-movie.php on line 16
[13-Mar-2024 17:32:46 UTC] PHP Warning:  Trying to access array offset on value of type bool in C:\Users\Lenovo\Local Sites\my-movies\app\public\wp-content\themes\starter\single-movie.php on line 38
[13-Mar-2024 17:32:46 UTC] PHP Warning:  Attempt to read property "name" on null in C:\Users\Lenovo\Local Sites\my-movies\app\public\wp-content\themes\starter\single-movie.php on line 38
[13-Mar-2024 17:32:46 UTC] PHP Warning:  Trying to access array offset on value of type bool in C:\Users\Lenovo\Local Sites\my-movies\app\public\wp-content\themes\starter\single-movie.php on line 40
[13-Mar-2024 17:32:46 UTC] PHP Warning:  Attempt to read property "name" on null in C:\Users\Lenovo\Local Sites\my-movies\app\public\wp-content\themes\starter\single-movie.php on line 40
[13-Mar-2024 17:33:21 UTC] PHP Warning:  Trying to access array offset on value of type bool in C:\Users\Lenovo\Local Sites\my-movies\app\public\wp-content\themes\starter\single-movie.php on line 36
[13-Mar-2024 17:33:21 UTC] PHP Warning:  Attempt to read property "name" on null in C:\Users\Lenovo\Local Sites\my-movies\app\public\wp-content\themes\starter\single-movie.php on line 36
[13-Mar-2024 17:33:21 UTC] PHP Warning:  Trying to access array offset on value of type bool in C:\Users\Lenovo\Local Sites\my-movies\app\public\wp-content\themes\starter\single-movie.php on line 38
[13-Mar-2024 17:33:21 UTC] PHP Warning:  Attempt to read property "name" on null in C:\Users\Lenovo\Local Sites\my-movies\app\public\wp-content\themes\starter\single-movie.php on line 38
[13-Mar-2024 17:33:33 UTC] PHP Warning:  Undefined variable $movie_casts_6 in C:\Users\Lenovo\Local Sites\my-movies\app\public\wp-content\themes\starter\single-movie.php on line 36
[13-Mar-2024 17:33:33 UTC] PHP Warning:  Trying to access array offset on value of type bool in C:\Users\Lenovo\Local Sites\my-movies\app\public\wp-content\themes\starter\single-movie.php on line 38
[13-Mar-2024 17:33:33 UTC] PHP Warning:  Attempt to read property "name" on null in C:\Users\Lenovo\Local Sites\my-movies\app\public\wp-content\themes\starter\single-movie.php on line 38
[13-Mar-2024 17:34:44 UTC] PHP Warning:  Trying to access array offset on value of type bool in C:\Users\Lenovo\Local Sites\my-movies\app\public\wp-content\themes\starter\single-movie.php on line 14
[13-Mar-2024 17:34:44 UTC] PHP Warning:  Attempt to read property "term_id" on null in C:\Users\Lenovo\Local Sites\my-movies\app\public\wp-content\themes\starter\single-movie.php on line 14
[13-Mar-2024 17:34:44 UTC] PHP Warning:  Trying to access array offset on value of type bool in C:\Users\Lenovo\Local Sites\my-movies\app\public\wp-content\themes\starter\single-movie.php on line 37
[13-Mar-2024 17:34:44 UTC] PHP Warning:  Attempt to read property "name" on null in C:\Users\Lenovo\Local Sites\my-movies\app\public\wp-content\themes\starter\single-movie.php on line 37
[13-Mar-2024 17:35:19 UTC] PHP Warning:  file_put_contents(C:\Users\Lenovo\Local Sites\my-movies\app\public/wp-content/themes/starter/acf-json/group_65f1d14480aa9.json): Failed to open stream: No such file or directory in C:\Users\Lenovo\Local Sites\my-movies\app\public\wp-content\plugins\advanced-custom-fields\includes\local-json.php on line 448
[13-Mar-2024 17:36:29 UTC] PHP Warning:  Trying to access array offset on value of type bool in C:\Users\Lenovo\Local Sites\my-movies\app\public\wp-content\themes\starter\single-movie.php on line 14
[13-Mar-2024 17:36:29 UTC] PHP Warning:  Attempt to read property "term_id" on null in C:\Users\Lenovo\Local Sites\my-movies\app\public\wp-content\themes\starter\single-movie.php on line 14
[13-Mar-2024 17:36:29 UTC] PHP Warning:  Trying to access array offset on value of type bool in C:\Users\Lenovo\Local Sites\my-movies\app\public\wp-content\themes\starter\single-movie.php on line 37
[13-Mar-2024 17:36:29 UTC] PHP Warning:  Attempt to read property "name" on null in C:\Users\Lenovo\Local Sites\my-movies\app\public\wp-content\themes\starter\single-movie.php on line 37
[13-Mar-2024 17:36:31 UTC] PHP Warning:  Trying to access array offset on value of type bool in C:\Users\Lenovo\Local Sites\my-movies\app\public\wp-content\themes\starter\single-movie.php on line 14
[13-Mar-2024 17:36:31 UTC] PHP Warning:  Attempt to read property "term_id" on null in C:\Users\Lenovo\Local Sites\my-movies\app\public\wp-content\themes\starter\single-movie.php on line 14
[13-Mar-2024 17:36:31 UTC] PHP Warning:  Trying to access array offset on value of type bool in C:\Users\Lenovo\Local Sites\my-movies\app\public\wp-content\themes\starter\single-movie.php on line 37
[13-Mar-2024 17:36:31 UTC] PHP Warning:  Attempt to read property "name" on null in C:\Users\Lenovo\Local Sites\my-movies\app\public\wp-content\themes\starter\single-movie.php on line 37
[13-Mar-2024 17:37:51 UTC] PHP Warning:  Trying to access array offset on value of type bool in C:\Users\Lenovo\Local Sites\my-movies\app\public\wp-content\themes\starter\single-movie.php on line 14
[13-Mar-2024 17:37:51 UTC] PHP Warning:  Attempt to read property "term_id" on null in C:\Users\Lenovo\Local Sites\my-movies\app\public\wp-content\themes\starter\single-movie.php on line 14
[13-Mar-2024 17:37:51 UTC] PHP Warning:  Trying to access array offset on value of type bool in C:\Users\Lenovo\Local Sites\my-movies\app\public\wp-content\themes\starter\single-movie.php on line 37
[13-Mar-2024 17:37:51 UTC] PHP Warning:  Attempt to read property "name" on null in C:\Users\Lenovo\Local Sites\my-movies\app\public\wp-content\themes\starter\single-movie.php on line 37
[13-Mar-2024 17:41:25 UTC] PHP Parse error:  syntax error, unexpected end of file, expecting "elseif" or "else" or "endif" in C:\Users\Lenovo\Local Sites\my-movies\app\public\wp-content\themes\starter\single-movie.php on line 40
[13-Mar-2024 17:41:58 UTC] PHP Warning:  Trying to access array offset on value of type bool in C:\Users\Lenovo\Local Sites\my-movies\app\public\wp-content\themes\starter\single-movie.php on line 14
[13-Mar-2024 17:41:58 UTC] PHP Warning:  Attempt to read property "term_id" on null in C:\Users\Lenovo\Local Sites\my-movies\app\public\wp-content\themes\starter\single-movie.php on line 14
[13-Mar-2024 17:41:58 UTC] PHP Warning:  Trying to access array offset on value of type bool in C:\Users\Lenovo\Local Sites\my-movies\app\public\wp-content\themes\starter\single-movie.php on line 16
[13-Mar-2024 17:41:58 UTC] PHP Warning:  Attempt to read property "term_id" on null in C:\Users\Lenovo\Local Sites\my-movies\app\public\wp-content\themes\starter\single-movie.php on line 16
[13-Mar-2024 17:41:58 UTC] PHP Warning:  Trying to access array offset on value of type bool in C:\Users\Lenovo\Local Sites\my-movies\app\public\wp-content\themes\starter\single-movie.php on line 18
[13-Mar-2024 17:41:58 UTC] PHP Warning:  Attempt to read property "term_id" on null in C:\Users\Lenovo\Local Sites\my-movies\app\public\wp-content\themes\starter\single-movie.php on line 18
[13-Mar-2024 17:41:58 UTC] PHP Warning:  Trying to access array offset on value of type bool in C:\Users\Lenovo\Local Sites\my-movies\app\public\wp-content\themes\starter\single-movie.php on line 20
[13-Mar-2024 17:41:58 UTC] PHP Warning:  Attempt to read property "term_id" on null in C:\Users\Lenovo\Local Sites\my-movies\app\public\wp-content\themes\starter\single-movie.php on line 20
[13-Mar-2024 17:41:58 UTC] PHP Warning:  Trying to access array offset on value of type bool in C:\Users\Lenovo\Local Sites\my-movies\app\public\wp-content\themes\starter\single-movie.php on line 41
[13-Mar-2024 17:41:58 UTC] PHP Warning:  Attempt to read property "name" on null in C:\Users\Lenovo\Local Sites\my-movies\app\public\wp-content\themes\starter\single-movie.php on line 41
[13-Mar-2024 17:41:58 UTC] PHP Warning:  Trying to access array offset on value of type bool in C:\Users\Lenovo\Local Sites\my-movies\app\public\wp-content\themes\starter\single-movie.php on line 43
[13-Mar-2024 17:41:58 UTC] PHP Warning:  Attempt to read property "name" on null in C:\Users\Lenovo\Local Sites\my-movies\app\public\wp-content\themes\starter\single-movie.php on line 43
[13-Mar-2024 17:41:58 UTC] PHP Warning:  Trying to access array offset on value of type bool in C:\Users\Lenovo\Local Sites\my-movies\app\public\wp-content\themes\starter\single-movie.php on line 45
[13-Mar-2024 17:41:58 UTC] PHP Warning:  Attempt to read property "name" on null in C:\Users\Lenovo\Local Sites\my-movies\app\public\wp-content\themes\starter\single-movie.php on line 45
[13-Mar-2024 17:41:58 UTC] PHP Warning:  Trying to access array offset on value of type bool in C:\Users\Lenovo\Local Sites\my-movies\app\public\wp-content\themes\starter\single-movie.php on line 47
[13-Mar-2024 17:41:58 UTC] PHP Warning:  Attempt to read property "name" on null in C:\Users\Lenovo\Local Sites\my-movies\app\public\wp-content\themes\starter\single-movie.php on line 47
[13-Mar-2024 17:42:26 UTC] PHP Warning:  Trying to access array offset on value of type bool in C:\Users\Lenovo\Local Sites\my-movies\app\public\wp-content\themes\starter\single-movie.php on line 14
[13-Mar-2024 17:42:26 UTC] PHP Warning:  Attempt to read property "term_id" on null in C:\Users\Lenovo\Local Sites\my-movies\app\public\wp-content\themes\starter\single-movie.php on line 14
[13-Mar-2024 17:42:26 UTC] PHP Warning:  Trying to access array offset on value of type bool in C:\Users\Lenovo\Local Sites\my-movies\app\public\wp-content\themes\starter\single-movie.php on line 35
[13-Mar-2024 17:42:26 UTC] PHP Warning:  Attempt to read property "name" on null in C:\Users\Lenovo\Local Sites\my-movies\app\public\wp-content\themes\starter\single-movie.php on line 35
[13-Mar-2024 17:44:26 UTC] PHP Warning:  Trying to access array offset on value of type bool in C:\Users\Lenovo\Local Sites\my-movies\app\public\wp-content\themes\starter\single-movie.php on line 14
[13-Mar-2024 17:44:26 UTC] PHP Warning:  Attempt to read property "term_id" on null in C:\Users\Lenovo\Local Sites\my-movies\app\public\wp-content\themes\starter\single-movie.php on line 14
[13-Mar-2024 17:44:26 UTC] PHP Warning:  Trying to access array offset on value of type bool in C:\Users\Lenovo\Local Sites\my-movies\app\public\wp-content\themes\starter\single-movie.php on line 35
[13-Mar-2024 17:44:26 UTC] PHP Warning:  Attempt to read property "name" on null in C:\Users\Lenovo\Local Sites\my-movies\app\public\wp-content\themes\starter\single-movie.php on line 35
[13-Mar-2024 17:44:58 UTC] PHP Warning:  Trying to access array offset on value of type bool in C:\Users\Lenovo\Local Sites\my-movies\app\public\wp-content\themes\starter\single-movie.php on line 14
[13-Mar-2024 17:44:58 UTC] PHP Warning:  Attempt to read property "term_id" on null in C:\Users\Lenovo\Local Sites\my-movies\app\public\wp-content\themes\starter\single-movie.php on line 14
[13-Mar-2024 17:44:58 UTC] PHP Warning:  Trying to access array offset on value of type bool in C:\Users\Lenovo\Local Sites\my-movies\app\public\wp-content\themes\starter\single-movie.php on line 35
[13-Mar-2024 17:44:58 UTC] PHP Warning:  Attempt to read property "name" on null in C:\Users\Lenovo\Local Sites\my-movies\app\public\wp-content\themes\starter\single-movie.php on line 35
[13-Mar-2024 18:00:09 UTC] PHP Warning:  Undefined variable $movie_cast_24 in C:\Users\Lenovo\Local Sites\my-movies\app\public\wp-content\themes\starter\single-movie.php on line 14
[13-Mar-2024 18:00:09 UTC] PHP Warning:  Undefined variable $movie_cast_26 in C:\Users\Lenovo\Local Sites\my-movies\app\public\wp-content\themes\starter\single-movie.php on line 16
[13-Mar-2024 18:01:37 UTC] PHP Warning:  Undefined variable $movie_cast_24 in C:\Users\Lenovo\Local Sites\my-movies\app\public\wp-content\themes\starter\single-movie.php on line 14
[13-Mar-2024 18:01:37 UTC] PHP Warning:  Undefined variable $movie_cast_26 in C:\Users\Lenovo\Local Sites\my-movies\app\public\wp-content\themes\starter\single-movie.php on line 16
[13-Mar-2024 18:10:12 UTC] PHP Warning:  Undefined variable $movie_cast in C:\Users\Lenovo\Local Sites\my-movies\app\public\wp-content\themes\starter\single-movie.php on line 15
